<?xml version="1.0" encoding="UTF-8"?>
<!-- Generated by org.testng.reporters.JUnitReportReporter -->
<testsuite hostname="LAPTOP-6VG60CHG" name="com.ems.extra_concepts.Serialization" tests="1" failures="0" timestamp="26 Sep 2023 13:33:10 GMT" time="4.308" errors="0">
  <testcase name="serialization" time="4.308" classname="com.ems.extra_concepts.Serialization"/>
</testsuite> <!-- com.ems.extra_concepts.Serialization -->
