<?xml version="1.0" encoding="UTF-8"?>
<!-- Generated by org.testng.reporters.JUnitReportReporter -->
<testsuite hostname="LAPTOP-6VG60CHG" name="com.ems.Json_Schema_validate.NetworkNtjsonSchemaVaildator" tests="1" failures="0" timestamp="27 Sep 2023 11:16:23 GMT" time="0.640" errors="0">
  <testcase name="vaildateJsonSchema" time="0.640" classname="com.ems.Json_Schema_validate.NetworkNtjsonSchemaVaildator"/>
</testsuite> <!-- com.ems.Json_Schema_validate.NetworkNtjsonSchemaVaildator -->
