<?xml version="1.0" encoding="UTF-8"?>
<!-- Generated by org.testng.reporters.JUnitReportReporter -->
<testsuite hostname="LAPTOP-6VG60CHG" name="com.ems.BDD_style.GetAllEmployeesBDDStyle" tests="1" failures="0" timestamp="27 Sep 2023 08:00:20 GMT" time="5.035" errors="0">
  <testcase name="createEmployeeFromJsonFile" time="5.035" classname="com.ems.BDD_style.GetAllEmployeesBDDStyle"/>
</testsuite> <!-- com.ems.BDD_style.GetAllEmployeesBDDStyle -->
