<?xml version="1.0" encoding="UTF-8"?>
<!-- Generated by org.testng.reporters.JUnitReportReporter -->
<testsuite hostname="LAPTOP-6VG60CHG" name="com.ems.non_BDDStyle.GetAllEmployees" tests="1" failures="0" timestamp="26 Sep 2023 07:28:20 GMT" time="6.249" errors="0">
  <testcase name="getanemployee" time="6.249" classname="com.ems.non_BDDStyle.GetAllEmployees"/>
</testsuite> <!-- com.ems.non_BDDStyle.GetAllEmployees -->
